Running scheduled command: "C:\xampp\php\php.exe" "artisan" tree:update > "NUL" 2>&1
﻿Running scheduled command: "C:\xampp\php\php.exe" "artisan" tree:update > "NUL" 2>&1
﻿Running scheduled command: "C:\xampp\php\php.exe" "artisan" tree:update > "NUL" 2>&1
﻿Running scheduled command: "C:\xampp\php\php.exe" "artisan" tree:update > "NUL" 2>&1
Running scheduled command: "C:\xampp\php\php.exe" "artisan" contract:update > "NUL" 2>&1
﻿Running scheduled command: "C:\xampp\php\php.exe" "artisan" tree:update > "NUL" 2>&1
Running scheduled command: "C:\xampp\php\php.exe" "artisan" contract:update >> "/storage/logs/schedule.log" 2>&1
﻿Running scheduled command: "C:\xampp\php\php.exe" "artisan" tree:update > "NUL" 2>&1
Running scheduled command: "C:\xampp\php\php.exe" "artisan" contract:update >> "/storage/logs/schedule.log" 2>&1
﻿Running scheduled command: "C:\xampp\php\php.exe" "artisan" tree:update > "NUL" 2>&1
Running scheduled command: "C:\xampp\php\php.exe" "artisan" contract:update >> "/storage/logs/schedule.log" 2>&1
﻿Running scheduled command: "C:\xampp\php\php.exe" "artisan" tree:update > "NUL" 2>&1
Running scheduled command: "C:\xampp\php\php.exe" "artisan" contract:update >> "/storage/logs/schedule.log" 2>&1
﻿Running scheduled command: "C:\xampp\php\php.exe" "artisan" tree:update > "NUL" 2>&1
Running scheduled command: "C:\xampp\php\php.exe" "artisan" contract:update >> "/storage/logs/schedule.log" 2>&1
﻿Running scheduled command: "C:\xampp\php\php.exe" "artisan" tree:update > "NUL" 2>&1
Running scheduled command: "C:\xampp\php\php.exe" "artisan" contract:update >> "/storage/logs/schedule.log" 2>&1
﻿Running scheduled command: "C:\xampp\php\php.exe" "artisan" tree:update > "NUL" 2>&1
Running scheduled command: "C:\xampp\php\php.exe" "artisan" contract:update >> "/storage/logs/schedule.log" 2>&1
﻿Running scheduled command: "C:\xampp\php\php.exe" "artisan" tree:update > "NUL" 2>&1
Running scheduled command: "C:\xampp\php\php.exe" "artisan" contract:update >> "/storage/logs/schedule.log" 2>&1
﻿Running scheduled command: "C:\xampp\php\php.exe" "artisan" tree:update > "NUL" 2>&1
Running scheduled command: "C:\xampp\php\php.exe" "artisan" contract:update >> "/storage/logs/schedule.log" 2>&1
﻿Running scheduled command: "C:\xampp\php\php.exe" "artisan" contract:update >> "/storage/logs/schedule.log" 2>&1
Running scheduled command: "C:\xampp\php\php.exe" "artisan" tree:update > "NUL" 2>&1
﻿Running scheduled command: "C:\xampp\php\php.exe" "artisan" contract:update >> "/storage/logs/schedule.log" 2>&1
Running scheduled command: "C:\xampp\php\php.exe" "artisan" tree:update > "NUL" 2>&1
﻿Running scheduled command: "C:\xampp\php\php.exe" "artisan" contract:update >> "/storage/logs/schedule.log" 2>&1
﻿Running scheduled command: "C:\xampp\php\php.exe" "artisan" contract:update >> "/storage/logs/schedule.log" 2>&1
﻿Running scheduled command: "C:\xampp\php\php.exe" "artisan" contract:update > "NUL" 2>&1
﻿Running scheduled command: "C:\xampp\php\php.exe" "artisan" contract:update > "NUL" 2>&1
﻿Running scheduled command: "C:\xampp\php\php.exe" "artisan" contract:update > "NUL" 2>&1
Running scheduled command: "C:\xampp\php\php.exe" "artisan" tree:update > "NUL" 2>&1
﻿Running scheduled command: "C:\xampp\php\php.exe" "artisan" contract:update > "NUL" 2>&1
Running scheduled command: "C:\xampp\php\php.exe" "artisan" tree:update > "NUL" 2>&1
﻿Running scheduled command: "C:\xampp\php\php.exe" "artisan" contract:update > "NUL" 2>&1
Running scheduled command: "C:\xampp\php\php.exe" "artisan" tree:update > "NUL" 2>&1
